2024-04-06T23:12:24.970+02:00  INFO 1074508 --- [main] .s.d.r.c.RepositoryConfigurationDelegate : Bootstrapping Spring Data JPA repositories in DEFAULT mode.
2024-04-06T23:12:25.161+02:00  INFO 1074508 --- [main] .s.d.r.c.RepositoryConfigurationDelegate : Finished Spring Data repository scanning in 167 ms. Found 5 JPA repository interfaces.
2024-04-06T23:12:26.523+02:00  INFO 1074508 --- [main] o.s.cloud.context.scope.GenericScope     : BeanFactory id=04413c0b-285b-3639-9692-e18ef8ea191b
2024-04-06T23:12:26.918+02:00  WARN 1074508 --- [main] trationDelegate$BeanPostProcessorChecker : Bean 'org.springframework.cloud.commons.config.CommonsConfigAutoConfiguration' of type [org.springframework.cloud.commons.config.CommonsConfigAutoConfiguration] is not eligible for getting processed by all BeanPostProcessors (for example: not eligible for auto-proxying). Is this bean getting eagerly injected into a currently created BeanPostProcessor [jobRegistryBeanPostProcessor]? Check the corresponding BeanPostProcessor declaration and its dependencies.
2024-04-06T23:12:26.933+02:00  WARN 1074508 --- [main] trationDelegate$BeanPostProcessorChecker : Bean 'org.springframework.cloud.client.loadbalancer.LoadBalancerDefaultMappingsProviderAutoConfiguration' of type [org.springframework.cloud.client.loadbalancer.LoadBalancerDefaultMappingsProviderAutoConfiguration] is not eligible for getting processed by all BeanPostProcessors (for example: not eligible for auto-proxying). Is this bean getting eagerly injected into a currently created BeanPostProcessor [jobRegistryBeanPostProcessor]? Check the corresponding BeanPostProcessor declaration and its dependencies.
2024-04-06T23:12:26.934+02:00  WARN 1074508 --- [main] trationDelegate$BeanPostProcessorChecker : Bean 'loadBalancerClientsDefaultsMappingsProvider' of type [org.springframework.cloud.client.loadbalancer.LoadBalancerDefaultMappingsProviderAutoConfiguration$$Lambda$594/0x0000772eb039f568] is not eligible for getting processed by all BeanPostProcessors (for example: not eligible for auto-proxying). Is this bean getting eagerly injected into a currently created BeanPostProcessor [jobRegistryBeanPostProcessor]? Check the corresponding BeanPostProcessor declaration and its dependencies.
2024-04-06T23:12:26.937+02:00  WARN 1074508 --- [main] trationDelegate$BeanPostProcessorChecker : Bean 'defaultsBindHandlerAdvisor' of type [org.springframework.cloud.commons.config.DefaultsBindHandlerAdvisor] is not eligible for getting processed by all BeanPostProcessors (for example: not eligible for auto-proxying). Is this bean getting eagerly injected into a currently created BeanPostProcessor [jobRegistryBeanPostProcessor]? Check the corresponding BeanPostProcessor declaration and its dependencies.
2024-04-06T23:12:26.952+02:00  WARN 1074508 --- [main] trationDelegate$BeanPostProcessorChecker : Bean 'batchDbConfig' of type [com.andreidodu.europealibrary.config.BatchDbConfig] is not eligible for getting processed by all BeanPostProcessors (for example: not eligible for auto-proxying). Is this bean getting eagerly injected into a currently created BeanPostProcessor [jobRegistryBeanPostProcessor]? Check the corresponding BeanPostProcessor declaration and its dependencies.
2024-04-06T23:12:26.965+02:00  WARN 1074508 --- [main] trationDelegate$BeanPostProcessorChecker : Bean 'persistenceConfiguration' of type [com.andreidodu.europealibrary.config.PersistenceConfiguration$$SpringCGLIB$$0] is not eligible for getting processed by all BeanPostProcessors (for example: not eligible for auto-proxying). Is this bean getting eagerly injected into a currently created BeanPostProcessor [jobRegistryBeanPostProcessor]? Check the corresponding BeanPostProcessor declaration and its dependencies.
2024-04-06T23:12:26.999+02:00  WARN 1074508 --- [main] trationDelegate$BeanPostProcessorChecker : Bean 'dataSource' of type [com.zaxxer.hikari.HikariDataSource] is not eligible for getting processed by all BeanPostProcessors (for example: not eligible for auto-proxying). Is this bean getting eagerly injected into a currently created BeanPostProcessor [jobRegistryBeanPostProcessor]? Check the corresponding BeanPostProcessor declaration and its dependencies.
2024-04-06T23:12:27.027+02:00  WARN 1074508 --- [main] trationDelegate$BeanPostProcessorChecker : Bean 'org.springframework.boot.autoconfigure.liquibase.LiquibaseAutoConfiguration$LiquibaseConfiguration' of type [org.springframework.boot.autoconfigure.liquibase.LiquibaseAutoConfiguration$LiquibaseConfiguration] is not eligible for getting processed by all BeanPostProcessors (for example: not eligible for auto-proxying). Is this bean getting eagerly injected into a currently created BeanPostProcessor [jobRegistryBeanPostProcessor]? Check the corresponding BeanPostProcessor declaration and its dependencies.
2024-04-06T23:12:27.050+02:00  WARN 1074508 --- [main] trationDelegate$BeanPostProcessorChecker : Bean 'spring.liquibase-org.springframework.boot.autoconfigure.liquibase.LiquibaseProperties' of type [org.springframework.boot.autoconfigure.liquibase.LiquibaseProperties] is not eligible for getting processed by all BeanPostProcessors (for example: not eligible for auto-proxying). Is this bean getting eagerly injected into a currently created BeanPostProcessor [jobRegistryBeanPostProcessor]? Check the corresponding BeanPostProcessor declaration and its dependencies.
2024-04-06T23:12:27.063+02:00  WARN 1074508 --- [main] trationDelegate$BeanPostProcessorChecker : Bean 'liquibaseConnectionDetails' of type [org.springframework.boot.autoconfigure.liquibase.LiquibaseAutoConfiguration$PropertiesLiquibaseConnectionDetails] is not eligible for getting processed by all BeanPostProcessors (for example: not eligible for auto-proxying). Is this bean getting eagerly injected into a currently created BeanPostProcessor [jobRegistryBeanPostProcessor]? Check the corresponding BeanPostProcessor declaration and its dependencies.
2024-04-06T23:12:27.169+02:00  INFO 1074508 --- [main] com.zaxxer.hikari.HikariDataSource       : HikariPool-1 - Starting...
2024-04-06T23:12:27.623+02:00  INFO 1074508 --- [main] com.zaxxer.hikari.pool.HikariPool        : HikariPool-1 - Added connection org.postgresql.jdbc.PgConnection@1376883
2024-04-06T23:12:27.625+02:00  INFO 1074508 --- [main] com.zaxxer.hikari.HikariDataSource       : HikariPool-1 - Start completed.
2024-04-06T23:12:28.089+02:00  INFO 1074508 --- [main] liquibase.database                       : Set default schema name to public
2024-04-06T23:12:28.538+02:00  INFO 1074508 --- [main] liquibase.lockservice                    : Successfully acquired change log lock
2024-04-06T23:12:29.400+02:00  INFO 1074508 --- [main] liquibase.changelog                      : Reading from public.databasechangelog
2024-04-06T23:12:29.529+02:00  INFO 1074508 --- [main] liquibase.changelog                      : Reading from public.databasechangelog
2024-04-06T23:12:29.539+02:00  INFO 1074508 --- [main] liquibase.util                           : UPDATE SUMMARY
2024-04-06T23:12:29.541+02:00  INFO 1074508 --- [main] liquibase.util                           : Run:                          0
2024-04-06T23:12:29.545+02:00  INFO 1074508 --- [main] liquibase.util                           : Previously run:               3
2024-04-06T23:12:29.546+02:00  INFO 1074508 --- [main] liquibase.util                           : Filtered out:                 0
2024-04-06T23:12:29.548+02:00  INFO 1074508 --- [main] liquibase.util                           : -------------------------------
2024-04-06T23:12:29.549+02:00  INFO 1074508 --- [main] liquibase.util                           : Total change sets:            3

2024-04-06T23:12:29.555+02:00  INFO 1074508 --- [main] liquibase.util                           : Update summary generated
2024-04-06T23:12:29.564+02:00  INFO 1074508 --- [main] liquibase.lockservice                    : Successfully released change log lock
2024-04-06T23:12:29.571+02:00  INFO 1074508 --- [main] liquibase.lockservice                    : Successfully released change log lock
2024-04-06T23:12:29.574+02:00  INFO 1074508 --- [main] liquibase.command                        : Command execution complete
2024-04-06T23:12:29.580+02:00  WARN 1074508 --- [main] trationDelegate$BeanPostProcessorChecker : Bean 'liquibase' of type [liquibase.integration.spring.SpringLiquibase] is not eligible for getting processed by all BeanPostProcessors (for example: not eligible for auto-proxying). Is this bean getting eagerly injected into a currently created BeanPostProcessor [jobRegistryBeanPostProcessor]? Check the corresponding BeanPostProcessor declaration and its dependencies.
2024-04-06T23:12:29.587+02:00  WARN 1074508 --- [main] trationDelegate$BeanPostProcessorChecker : Bean 'org.springframework.boot.autoconfigure.sql.init.DataSourceInitializationConfiguration' of type [org.springframework.boot.autoconfigure.sql.init.DataSourceInitializationConfiguration] is not eligible for getting processed by all BeanPostProcessors (for example: not eligible for auto-proxying). Is this bean getting eagerly injected into a currently created BeanPostProcessor [jobRegistryBeanPostProcessor]? Check the corresponding BeanPostProcessor declaration and its dependencies.
2024-04-06T23:12:29.600+02:00  WARN 1074508 --- [main] trationDelegate$BeanPostProcessorChecker : Bean 'spring.sql.init-org.springframework.boot.autoconfigure.sql.init.SqlInitializationProperties' of type [org.springframework.boot.autoconfigure.sql.init.SqlInitializationProperties] is not eligible for getting processed by all BeanPostProcessors (for example: not eligible for auto-proxying). Is this bean getting eagerly injected into a currently created BeanPostProcessor [jobRegistryBeanPostProcessor]? Check the corresponding BeanPostProcessor declaration and its dependencies.
2024-04-06T23:12:29.612+02:00  WARN 1074508 --- [main] trationDelegate$BeanPostProcessorChecker : Bean 'dataSourceScriptDatabaseInitializer' of type [org.springframework.boot.autoconfigure.sql.init.SqlDataSourceScriptDatabaseInitializer] is not eligible for getting processed by all BeanPostProcessors (for example: not eligible for auto-proxying). Is this bean getting eagerly injected into a currently created BeanPostProcessor [jobRegistryBeanPostProcessor]? Check the corresponding BeanPostProcessor declaration and its dependencies.
2024-04-06T23:12:29.618+02:00  WARN 1074508 --- [main] trationDelegate$BeanPostProcessorChecker : Bean 'org.springframework.boot.autoconfigure.batch.BatchAutoConfiguration$DataSourceInitializerConfiguration' of type [org.springframework.boot.autoconfigure.batch.BatchAutoConfiguration$DataSourceInitializerConfiguration] is not eligible for getting processed by all BeanPostProcessors (for example: not eligible for auto-proxying). Is this bean getting eagerly injected into a currently created BeanPostProcessor [jobRegistryBeanPostProcessor]? Check the corresponding BeanPostProcessor declaration and its dependencies.
2024-04-06T23:12:29.632+02:00  WARN 1074508 --- [main] trationDelegate$BeanPostProcessorChecker : Bean 'spring.batch-org.springframework.boot.autoconfigure.batch.BatchProperties' of type [org.springframework.boot.autoconfigure.batch.BatchProperties] is not eligible for getting processed by all BeanPostProcessors (for example: not eligible for auto-proxying). Is this bean getting eagerly injected into a currently created BeanPostProcessor [jobRegistryBeanPostProcessor]? Check the corresponding BeanPostProcessor declaration and its dependencies.
2024-04-06T23:12:29.678+02:00  WARN 1074508 --- [main] trationDelegate$BeanPostProcessorChecker : Bean 'batchDataSourceInitializer' of type [org.springframework.boot.autoconfigure.batch.BatchDataSourceScriptDatabaseInitializer] is not eligible for getting processed by all BeanPostProcessors (for example: not eligible for auto-proxying). Is this bean getting eagerly injected into a currently created BeanPostProcessor [jobRegistryBeanPostProcessor]? Check the corresponding BeanPostProcessor declaration and its dependencies.
2024-04-06T23:12:29.870+02:00  INFO 1074508 --- [main] org.hibernate.Version                    : HHH000412: Hibernate ORM core version 6.4.4.Final
2024-04-06T23:12:30.005+02:00  INFO 1074508 --- [main] o.h.c.internal.RegionFactoryInitiator    : HHH000026: Second-level cache disabled
2024-04-06T23:12:31.627+02:00  WARN 1074508 --- [main] trationDelegate$BeanPostProcessorChecker : Bean '(inner bean)#3df6494f' of type [org.springframework.beans.factory.config.ObjectFactoryCreatingFactoryBean] is not eligible for getting processed by all BeanPostProcessors (for example: not eligible for auto-proxying). Is this bean getting eagerly injected into a currently created BeanPostProcessor [jobRegistryBeanPostProcessor]? Check the corresponding BeanPostProcessor declaration and its dependencies.
2024-04-06T23:12:31.630+02:00  WARN 1074508 --- [main] trationDelegate$BeanPostProcessorChecker : Bean '(inner bean)#3df6494f' of type [org.springframework.beans.factory.config.ObjectFactoryCreatingFactoryBean$TargetBeanObjectFactory] is not eligible for getting processed by all BeanPostProcessors (for example: not eligible for auto-proxying). Is this bean getting eagerly injected into a currently created BeanPostProcessor [jobRegistryBeanPostProcessor]? Check the corresponding BeanPostProcessor declaration and its dependencies.
2024-04-06T23:12:33.524+02:00  INFO 1074508 --- [main] o.h.e.t.j.p.i.JtaPlatformInitiator       : HHH000489: No JTA platform available (set 'hibernate.transaction.jta.platform' to enable JTA platform integration)
2024-04-06T23:12:33.534+02:00  WARN 1074508 --- [main] trationDelegate$BeanPostProcessorChecker : Bean 'entityManagerFactory' of type [org.springframework.orm.hibernate5.LocalSessionFactoryBean] is not eligible for getting processed by all BeanPostProcessors (for example: not eligible for auto-proxying). Is this bean getting eagerly injected into a currently created BeanPostProcessor [jobRegistryBeanPostProcessor]? Check the corresponding BeanPostProcessor declaration and its dependencies.
2024-04-06T23:12:33.561+02:00  WARN 1074508 --- [main] trationDelegate$BeanPostProcessorChecker : Bean 'entityManagerFactory' of type [org.hibernate.internal.SessionFactoryImpl] is not eligible for getting processed by all BeanPostProcessors (for example: not eligible for auto-proxying). Is this bean getting eagerly injected into a currently created BeanPostProcessor [jobRegistryBeanPostProcessor]? Check the corresponding BeanPostProcessor declaration and its dependencies.
2024-04-06T23:12:33.619+02:00  WARN 1074508 --- [main] trationDelegate$BeanPostProcessorChecker : Bean 'transactionManager' of type [org.springframework.orm.hibernate5.HibernateTransactionManager] is not eligible for getting processed by all BeanPostProcessors (for example: not eligible for auto-proxying). Is this bean getting eagerly injected into a currently created BeanPostProcessor [jobRegistryBeanPostProcessor]? Check the corresponding BeanPostProcessor declaration and its dependencies.
2024-04-06T23:12:33.638+02:00  WARN 1074508 --- [main] trationDelegate$BeanPostProcessorChecker : Bean 'org.springframework.boot.autoconfigure.batch.BatchAutoConfiguration$SpringBootBatchConfiguration' of type [org.springframework.boot.autoconfigure.batch.BatchAutoConfiguration$SpringBootBatchConfiguration] is not eligible for getting processed by all BeanPostProcessors (for example: not eligible for auto-proxying). The currently created BeanPostProcessor [jobRegistryBeanPostProcessor] is declared through a non-static factory method on that class; consider declaring it as static instead.
2024-04-06T23:12:34.279+02:00  INFO 1074508 --- [main] o.s.b.w.embedded.tomcat.TomcatWebServer  : Tomcat initialized with port 8081 (http)
2024-04-06T23:12:34.311+02:00  INFO 1074508 --- [main] o.apache.catalina.core.StandardService   : Starting service [Tomcat]
2024-04-06T23:12:34.312+02:00  INFO 1074508 --- [main] o.apache.catalina.core.StandardEngine    : Starting Servlet engine: [Apache Tomcat/10.1.19]
2024-04-06T23:12:34.468+02:00  INFO 1074508 --- [main] o.a.c.c.C.[Tomcat].[localhost].[/]       : Initializing Spring embedded WebApplicationContext
2024-04-06T23:12:34.470+02:00  INFO 1074508 --- [main] w.s.c.ServletWebServerApplicationContext : Root WebApplicationContext: initialization completed in 11506 ms
2024-04-06T23:12:37.065+02:00  INFO 1074508 --- [main] o.s.d.j.r.query.QueryEnhancerFactory     : Hibernate is in classpath; If applicable, HQL parser will be used.
2024-04-06T23:12:40.429+02:00  WARN 1074508 --- [main] .s.s.UserDetailsServiceAutoConfiguration : 

Using generated security password: 02eb10e9-90c7-4cd9-a936-6e2c97d6597b

This generated password is for development use only. Your security configuration must be updated before running your application in production.

2024-04-06T23:12:40.708+02:00  INFO 1074508 --- [main] o.s.s.web.DefaultSecurityFilterChain     : Will secure any request with [org.springframework.security.web.session.DisableEncodeUrlFilter@2a8ff32, org.springframework.security.web.context.request.async.WebAsyncManagerIntegrationFilter@5a8f777, org.springframework.security.web.context.SecurityContextHolderFilter@3546439b, org.springframework.security.web.header.HeaderWriterFilter@37de86e1, org.springframework.web.filter.CorsFilter@4a6198a7, org.springframework.security.web.authentication.logout.LogoutFilter@53a15397, org.springframework.security.web.savedrequest.RequestCacheAwareFilter@683d4662, org.springframework.security.web.servletapi.SecurityContextHolderAwareRequestFilter@2ef1b7f4, org.springframework.security.web.authentication.AnonymousAuthenticationFilter@2e06a7e4, org.springframework.security.web.access.ExceptionTranslationFilter@487e4b06, org.springframework.security.web.access.intercept.AuthorizationFilter@58bbe78f]
2024-04-06T23:12:41.710+02:00  WARN 1074508 --- [main] ConfigServletWebServerApplicationContext : Exception encountered during context initialization - cancelling refresh attempt: org.springframework.context.ApplicationContextException: Failed to start bean 'webServerStartStop'
2024-04-06T23:12:41.754+02:00  INFO 1074508 --- [main] com.zaxxer.hikari.HikariDataSource       : HikariPool-1 - Shutdown initiated...
2024-04-06T23:12:41.772+02:00  INFO 1074508 --- [main] com.zaxxer.hikari.HikariDataSource       : HikariPool-1 - Shutdown completed.
2024-04-06T23:12:41.812+02:00  INFO 1074508 --- [main] .s.b.a.l.ConditionEvaluationReportLogger : 

Error starting ApplicationContext. To display the condition evaluation report re-run your application with 'debug' enabled.
2024-04-06T23:12:41.865+02:00 ERROR 1074508 --- [main] o.s.b.d.LoggingFailureAnalysisReporter   : 

***************************
APPLICATION FAILED TO START
***************************

Description:

Web server failed to start. Port 8081 was already in use.

Action:

Identify and stop the process that's listening on port 8081 or configure this application to listen on another port.

2024-04-06T23:17:07.318+02:00  INFO 1076006 --- [main] .s.d.r.c.RepositoryConfigurationDelegate : Bootstrapping Spring Data JPA repositories in DEFAULT mode.
2024-04-06T23:17:07.392+02:00  INFO 1076006 --- [main] .s.d.r.c.RepositoryConfigurationDelegate : Finished Spring Data repository scanning in 65 ms. Found 5 JPA repository interfaces.
2024-04-06T23:17:08.033+02:00  INFO 1076006 --- [main] o.s.cloud.context.scope.GenericScope     : BeanFactory id=04413c0b-285b-3639-9692-e18ef8ea191b
2024-04-06T23:17:08.194+02:00  WARN 1076006 --- [main] trationDelegate$BeanPostProcessorChecker : Bean 'org.springframework.cloud.commons.config.CommonsConfigAutoConfiguration' of type [org.springframework.cloud.commons.config.CommonsConfigAutoConfiguration] is not eligible for getting processed by all BeanPostProcessors (for example: not eligible for auto-proxying). Is this bean getting eagerly injected into a currently created BeanPostProcessor [jobRegistryBeanPostProcessor]? Check the corresponding BeanPostProcessor declaration and its dependencies.
2024-04-06T23:17:08.197+02:00  WARN 1076006 --- [main] trationDelegate$BeanPostProcessorChecker : Bean 'org.springframework.cloud.client.loadbalancer.LoadBalancerDefaultMappingsProviderAutoConfiguration' of type [org.springframework.cloud.client.loadbalancer.LoadBalancerDefaultMappingsProviderAutoConfiguration] is not eligible for getting processed by all BeanPostProcessors (for example: not eligible for auto-proxying). Is this bean getting eagerly injected into a currently created BeanPostProcessor [jobRegistryBeanPostProcessor]? Check the corresponding BeanPostProcessor declaration and its dependencies.
2024-04-06T23:17:08.198+02:00  WARN 1076006 --- [main] trationDelegate$BeanPostProcessorChecker : Bean 'loadBalancerClientsDefaultsMappingsProvider' of type [org.springframework.cloud.client.loadbalancer.LoadBalancerDefaultMappingsProviderAutoConfiguration$$Lambda$594/0x000070c5443af990] is not eligible for getting processed by all BeanPostProcessors (for example: not eligible for auto-proxying). Is this bean getting eagerly injected into a currently created BeanPostProcessor [jobRegistryBeanPostProcessor]? Check the corresponding BeanPostProcessor declaration and its dependencies.
2024-04-06T23:17:08.200+02:00  WARN 1076006 --- [main] trationDelegate$BeanPostProcessorChecker : Bean 'defaultsBindHandlerAdvisor' of type [org.springframework.cloud.commons.config.DefaultsBindHandlerAdvisor] is not eligible for getting processed by all BeanPostProcessors (for example: not eligible for auto-proxying). Is this bean getting eagerly injected into a currently created BeanPostProcessor [jobRegistryBeanPostProcessor]? Check the corresponding BeanPostProcessor declaration and its dependencies.
2024-04-06T23:17:08.211+02:00  WARN 1076006 --- [main] trationDelegate$BeanPostProcessorChecker : Bean 'batchDbConfig' of type [com.andreidodu.europealibrary.config.BatchDbConfig] is not eligible for getting processed by all BeanPostProcessors (for example: not eligible for auto-proxying). Is this bean getting eagerly injected into a currently created BeanPostProcessor [jobRegistryBeanPostProcessor]? Check the corresponding BeanPostProcessor declaration and its dependencies.
2024-04-06T23:17:08.213+02:00  WARN 1076006 --- [main] trationDelegate$BeanPostProcessorChecker : Bean 'persistenceConfiguration' of type [com.andreidodu.europealibrary.config.PersistenceConfiguration$$SpringCGLIB$$0] is not eligible for getting processed by all BeanPostProcessors (for example: not eligible for auto-proxying). Is this bean getting eagerly injected into a currently created BeanPostProcessor [jobRegistryBeanPostProcessor]? Check the corresponding BeanPostProcessor declaration and its dependencies.
2024-04-06T23:17:08.225+02:00  WARN 1076006 --- [main] trationDelegate$BeanPostProcessorChecker : Bean 'dataSource' of type [com.zaxxer.hikari.HikariDataSource] is not eligible for getting processed by all BeanPostProcessors (for example: not eligible for auto-proxying). Is this bean getting eagerly injected into a currently created BeanPostProcessor [jobRegistryBeanPostProcessor]? Check the corresponding BeanPostProcessor declaration and its dependencies.
2024-04-06T23:17:08.239+02:00  WARN 1076006 --- [main] trationDelegate$BeanPostProcessorChecker : Bean 'org.springframework.boot.autoconfigure.liquibase.LiquibaseAutoConfiguration$LiquibaseConfiguration' of type [org.springframework.boot.autoconfigure.liquibase.LiquibaseAutoConfiguration$LiquibaseConfiguration] is not eligible for getting processed by all BeanPostProcessors (for example: not eligible for auto-proxying). Is this bean getting eagerly injected into a currently created BeanPostProcessor [jobRegistryBeanPostProcessor]? Check the corresponding BeanPostProcessor declaration and its dependencies.
2024-04-06T23:17:08.249+02:00  WARN 1076006 --- [main] trationDelegate$BeanPostProcessorChecker : Bean 'spring.liquibase-org.springframework.boot.autoconfigure.liquibase.LiquibaseProperties' of type [org.springframework.boot.autoconfigure.liquibase.LiquibaseProperties] is not eligible for getting processed by all BeanPostProcessors (for example: not eligible for auto-proxying). Is this bean getting eagerly injected into a currently created BeanPostProcessor [jobRegistryBeanPostProcessor]? Check the corresponding BeanPostProcessor declaration and its dependencies.
2024-04-06T23:17:08.252+02:00  WARN 1076006 --- [main] trationDelegate$BeanPostProcessorChecker : Bean 'liquibaseConnectionDetails' of type [org.springframework.boot.autoconfigure.liquibase.LiquibaseAutoConfiguration$PropertiesLiquibaseConnectionDetails] is not eligible for getting processed by all BeanPostProcessors (for example: not eligible for auto-proxying). Is this bean getting eagerly injected into a currently created BeanPostProcessor [jobRegistryBeanPostProcessor]? Check the corresponding BeanPostProcessor declaration and its dependencies.
2024-04-06T23:17:08.289+02:00  INFO 1076006 --- [main] com.zaxxer.hikari.HikariDataSource       : HikariPool-1 - Starting...
2024-04-06T23:17:08.474+02:00  INFO 1076006 --- [main] com.zaxxer.hikari.pool.HikariPool        : HikariPool-1 - Added connection org.postgresql.jdbc.PgConnection@52d3fafd
2024-04-06T23:17:08.476+02:00  INFO 1076006 --- [main] com.zaxxer.hikari.HikariDataSource       : HikariPool-1 - Start completed.
2024-04-06T23:17:08.734+02:00  INFO 1076006 --- [main] liquibase.database                       : Set default schema name to public
2024-04-06T23:17:08.930+02:00  INFO 1076006 --- [main] liquibase.lockservice                    : Successfully acquired change log lock
2024-04-06T23:17:09.331+02:00  INFO 1076006 --- [main] liquibase.changelog                      : Reading from public.databasechangelog
2024-04-06T23:17:09.387+02:00  INFO 1076006 --- [main] liquibase.changelog                      : Reading from public.databasechangelog
2024-04-06T23:17:09.393+02:00  INFO 1076006 --- [main] liquibase.util                           : UPDATE SUMMARY
2024-04-06T23:17:09.393+02:00  INFO 1076006 --- [main] liquibase.util                           : Run:                          0
2024-04-06T23:17:09.394+02:00  INFO 1076006 --- [main] liquibase.util                           : Previously run:               3
2024-04-06T23:17:09.394+02:00  INFO 1076006 --- [main] liquibase.util                           : Filtered out:                 0
2024-04-06T23:17:09.394+02:00  INFO 1076006 --- [main] liquibase.util                           : -------------------------------
2024-04-06T23:17:09.394+02:00  INFO 1076006 --- [main] liquibase.util                           : Total change sets:            3

2024-04-06T23:17:09.395+02:00  INFO 1076006 --- [main] liquibase.util                           : Update summary generated
2024-04-06T23:17:09.400+02:00  INFO 1076006 --- [main] liquibase.lockservice                    : Successfully released change log lock
2024-04-06T23:17:09.405+02:00  INFO 1076006 --- [main] liquibase.lockservice                    : Successfully released change log lock
2024-04-06T23:17:09.407+02:00  INFO 1076006 --- [main] liquibase.command                        : Command execution complete
2024-04-06T23:17:09.410+02:00  WARN 1076006 --- [main] trationDelegate$BeanPostProcessorChecker : Bean 'liquibase' of type [liquibase.integration.spring.SpringLiquibase] is not eligible for getting processed by all BeanPostProcessors (for example: not eligible for auto-proxying). Is this bean getting eagerly injected into a currently created BeanPostProcessor [jobRegistryBeanPostProcessor]? Check the corresponding BeanPostProcessor declaration and its dependencies.
2024-04-06T23:17:09.413+02:00  WARN 1076006 --- [main] trationDelegate$BeanPostProcessorChecker : Bean 'org.springframework.boot.autoconfigure.sql.init.DataSourceInitializationConfiguration' of type [org.springframework.boot.autoconfigure.sql.init.DataSourceInitializationConfiguration] is not eligible for getting processed by all BeanPostProcessors (for example: not eligible for auto-proxying). Is this bean getting eagerly injected into a currently created BeanPostProcessor [jobRegistryBeanPostProcessor]? Check the corresponding BeanPostProcessor declaration and its dependencies.
2024-04-06T23:17:09.419+02:00  WARN 1076006 --- [main] trationDelegate$BeanPostProcessorChecker : Bean 'spring.sql.init-org.springframework.boot.autoconfigure.sql.init.SqlInitializationProperties' of type [org.springframework.boot.autoconfigure.sql.init.SqlInitializationProperties] is not eligible for getting processed by all BeanPostProcessors (for example: not eligible for auto-proxying). Is this bean getting eagerly injected into a currently created BeanPostProcessor [jobRegistryBeanPostProcessor]? Check the corresponding BeanPostProcessor declaration and its dependencies.
2024-04-06T23:17:09.425+02:00  WARN 1076006 --- [main] trationDelegate$BeanPostProcessorChecker : Bean 'dataSourceScriptDatabaseInitializer' of type [org.springframework.boot.autoconfigure.sql.init.SqlDataSourceScriptDatabaseInitializer] is not eligible for getting processed by all BeanPostProcessors (for example: not eligible for auto-proxying). Is this bean getting eagerly injected into a currently created BeanPostProcessor [jobRegistryBeanPostProcessor]? Check the corresponding BeanPostProcessor declaration and its dependencies.
2024-04-06T23:17:09.427+02:00  WARN 1076006 --- [main] trationDelegate$BeanPostProcessorChecker : Bean 'org.springframework.boot.autoconfigure.batch.BatchAutoConfiguration$DataSourceInitializerConfiguration' of type [org.springframework.boot.autoconfigure.batch.BatchAutoConfiguration$DataSourceInitializerConfiguration] is not eligible for getting processed by all BeanPostProcessors (for example: not eligible for auto-proxying). Is this bean getting eagerly injected into a currently created BeanPostProcessor [jobRegistryBeanPostProcessor]? Check the corresponding BeanPostProcessor declaration and its dependencies.
2024-04-06T23:17:09.433+02:00  WARN 1076006 --- [main] trationDelegate$BeanPostProcessorChecker : Bean 'spring.batch-org.springframework.boot.autoconfigure.batch.BatchProperties' of type [org.springframework.boot.autoconfigure.batch.BatchProperties] is not eligible for getting processed by all BeanPostProcessors (for example: not eligible for auto-proxying). Is this bean getting eagerly injected into a currently created BeanPostProcessor [jobRegistryBeanPostProcessor]? Check the corresponding BeanPostProcessor declaration and its dependencies.
2024-04-06T23:17:09.458+02:00  WARN 1076006 --- [main] trationDelegate$BeanPostProcessorChecker : Bean 'batchDataSourceInitializer' of type [org.springframework.boot.autoconfigure.batch.BatchDataSourceScriptDatabaseInitializer] is not eligible for getting processed by all BeanPostProcessors (for example: not eligible for auto-proxying). Is this bean getting eagerly injected into a currently created BeanPostProcessor [jobRegistryBeanPostProcessor]? Check the corresponding BeanPostProcessor declaration and its dependencies.
2024-04-06T23:17:09.523+02:00  INFO 1076006 --- [main] org.hibernate.Version                    : HHH000412: Hibernate ORM core version 6.4.4.Final
2024-04-06T23:17:09.572+02:00  INFO 1076006 --- [main] o.h.c.internal.RegionFactoryInitiator    : HHH000026: Second-level cache disabled
2024-04-06T23:17:10.152+02:00  WARN 1076006 --- [main] trationDelegate$BeanPostProcessorChecker : Bean '(inner bean)#ba86c53' of type [org.springframework.beans.factory.config.ObjectFactoryCreatingFactoryBean] is not eligible for getting processed by all BeanPostProcessors (for example: not eligible for auto-proxying). Is this bean getting eagerly injected into a currently created BeanPostProcessor [jobRegistryBeanPostProcessor]? Check the corresponding BeanPostProcessor declaration and its dependencies.
2024-04-06T23:17:10.154+02:00  WARN 1076006 --- [main] trationDelegate$BeanPostProcessorChecker : Bean '(inner bean)#ba86c53' of type [org.springframework.beans.factory.config.ObjectFactoryCreatingFactoryBean$TargetBeanObjectFactory] is not eligible for getting processed by all BeanPostProcessors (for example: not eligible for auto-proxying). Is this bean getting eagerly injected into a currently created BeanPostProcessor [jobRegistryBeanPostProcessor]? Check the corresponding BeanPostProcessor declaration and its dependencies.
2024-04-06T23:17:10.928+02:00  INFO 1076006 --- [main] o.h.e.t.j.p.i.JtaPlatformInitiator       : HHH000489: No JTA platform available (set 'hibernate.transaction.jta.platform' to enable JTA platform integration)
2024-04-06T23:17:10.932+02:00  WARN 1076006 --- [main] trationDelegate$BeanPostProcessorChecker : Bean 'entityManagerFactory' of type [org.springframework.orm.hibernate5.LocalSessionFactoryBean] is not eligible for getting processed by all BeanPostProcessors (for example: not eligible for auto-proxying). Is this bean getting eagerly injected into a currently created BeanPostProcessor [jobRegistryBeanPostProcessor]? Check the corresponding BeanPostProcessor declaration and its dependencies.
2024-04-06T23:17:10.943+02:00  WARN 1076006 --- [main] trationDelegate$BeanPostProcessorChecker : Bean 'entityManagerFactory' of type [org.hibernate.internal.SessionFactoryImpl] is not eligible for getting processed by all BeanPostProcessors (for example: not eligible for auto-proxying). Is this bean getting eagerly injected into a currently created BeanPostProcessor [jobRegistryBeanPostProcessor]? Check the corresponding BeanPostProcessor declaration and its dependencies.
2024-04-06T23:17:10.966+02:00  WARN 1076006 --- [main] trationDelegate$BeanPostProcessorChecker : Bean 'transactionManager' of type [org.springframework.orm.hibernate5.HibernateTransactionManager] is not eligible for getting processed by all BeanPostProcessors (for example: not eligible for auto-proxying). Is this bean getting eagerly injected into a currently created BeanPostProcessor [jobRegistryBeanPostProcessor]? Check the corresponding BeanPostProcessor declaration and its dependencies.
2024-04-06T23:17:10.973+02:00  WARN 1076006 --- [main] trationDelegate$BeanPostProcessorChecker : Bean 'org.springframework.boot.autoconfigure.batch.BatchAutoConfiguration$SpringBootBatchConfiguration' of type [org.springframework.boot.autoconfigure.batch.BatchAutoConfiguration$SpringBootBatchConfiguration] is not eligible for getting processed by all BeanPostProcessors (for example: not eligible for auto-proxying). The currently created BeanPostProcessor [jobRegistryBeanPostProcessor] is declared through a non-static factory method on that class; consider declaring it as static instead.
2024-04-06T23:17:11.217+02:00  INFO 1076006 --- [main] o.s.b.w.embedded.tomcat.TomcatWebServer  : Tomcat initialized with port 8081 (http)
2024-04-06T23:17:11.242+02:00  INFO 1076006 --- [main] o.apache.catalina.core.StandardService   : Starting service [Tomcat]
2024-04-06T23:17:11.243+02:00  INFO 1076006 --- [main] o.apache.catalina.core.StandardEngine    : Starting Servlet engine: [Apache Tomcat/10.1.19]
2024-04-06T23:17:11.343+02:00  INFO 1076006 --- [main] o.a.c.c.C.[Tomcat].[localhost].[/]       : Initializing Spring embedded WebApplicationContext
2024-04-06T23:17:11.347+02:00  INFO 1076006 --- [main] w.s.c.ServletWebServerApplicationContext : Root WebApplicationContext: initialization completed in 4757 ms
2024-04-06T23:17:12.444+02:00  INFO 1076006 --- [main] o.s.d.j.r.query.QueryEnhancerFactory     : Hibernate is in classpath; If applicable, HQL parser will be used.
2024-04-06T23:17:13.693+02:00  WARN 1076006 --- [main] ConfigServletWebServerApplicationContext : Exception encountered during context initialization - cancelling refresh attempt: org.springframework.beans.factory.BeanCreationException: Error creating bean with name 'batchConfiguration': Invocation of init method failed
2024-04-06T23:17:13.694+02:00  WARN 1076006 --- [main] s.c.a.AnnotationConfigApplicationContext : Exception thrown from ApplicationListener handling ContextClosedEvent

org.springframework.beans.factory.BeanCreationNotAllowedException: Error creating bean with name 'taskScheduler': Singleton bean creation not allowed while singletons of this factory are in destruction (Do not request a bean from a BeanFactory in a destroy method implementation!)
	at org.springframework.beans.factory.support.DefaultSingletonBeanRegistry.getSingleton(DefaultSingletonBeanRegistry.java:220) ~[spring-beans-6.1.5.jar:6.1.5]
	at org.springframework.beans.factory.support.AbstractBeanFactory.doGetBean(AbstractBeanFactory.java:324) ~[spring-beans-6.1.5.jar:6.1.5]
	at org.springframework.beans.factory.support.AbstractBeanFactory.getBean(AbstractBeanFactory.java:205) ~[spring-beans-6.1.5.jar:6.1.5]
	at org.springframework.context.event.AbstractApplicationEventMulticaster.retrieveApplicationListeners(AbstractApplicationEventMulticaster.java:265) ~[spring-context-6.1.5.jar:6.1.5]
	at org.springframework.context.event.AbstractApplicationEventMulticaster.getApplicationListeners(AbstractApplicationEventMulticaster.java:222) ~[spring-context-6.1.5.jar:6.1.5]
	at org.springframework.context.event.SimpleApplicationEventMulticaster.multicastEvent(SimpleApplicationEventMulticaster.java:145) ~[spring-context-6.1.5.jar:6.1.5]
	at org.springframework.context.support.AbstractApplicationContext.publishEvent(AbstractApplicationContext.java:451) ~[spring-context-6.1.5.jar:6.1.5]
	at org.springframework.context.support.AbstractApplicationContext.publishEvent(AbstractApplicationContext.java:457) ~[spring-context-6.1.5.jar:6.1.5]
	at org.springframework.context.support.AbstractApplicationContext.publishEvent(AbstractApplicationContext.java:384) ~[spring-context-6.1.5.jar:6.1.5]
	at org.springframework.context.support.AbstractApplicationContext.doClose(AbstractApplicationContext.java:1130) ~[spring-context-6.1.5.jar:6.1.5]
	at org.springframework.context.support.AbstractApplicationContext.close(AbstractApplicationContext.java:1093) ~[spring-context-6.1.5.jar:6.1.5]
	at org.springframework.cloud.context.named.NamedContextFactory.destroy(NamedContextFactory.java:113) ~[spring-cloud-context-4.1.0.jar:4.1.0]
	at org.springframework.beans.factory.support.DisposableBeanAdapter.destroy(DisposableBeanAdapter.java:211) ~[spring-beans-6.1.5.jar:6.1.5]
	at org.springframework.beans.factory.support.DefaultSingletonBeanRegistry.destroyBean(DefaultSingletonBeanRegistry.java:587) ~[spring-beans-6.1.5.jar:6.1.5]
	at org.springframework.beans.factory.support.DefaultSingletonBeanRegistry.destroySingleton(DefaultSingletonBeanRegistry.java:559) ~[spring-beans-6.1.5.jar:6.1.5]
	at org.springframework.beans.factory.support.DefaultListableBeanFactory.destroySingleton(DefaultListableBeanFactory.java:1202) ~[spring-beans-6.1.5.jar:6.1.5]
	at org.springframework.beans.factory.support.DefaultSingletonBeanRegistry.destroySingletons(DefaultSingletonBeanRegistry.java:520) ~[spring-beans-6.1.5.jar:6.1.5]
	at org.springframework.beans.factory.support.DefaultListableBeanFactory.destroySingletons(DefaultListableBeanFactory.java:1195) ~[spring-beans-6.1.5.jar:6.1.5]
	at org.springframework.context.support.AbstractApplicationContext.destroyBeans(AbstractApplicationContext.java:1186) ~[spring-context-6.1.5.jar:6.1.5]
	at org.springframework.context.support.AbstractApplicationContext.refresh(AbstractApplicationContext.java:637) ~[spring-context-6.1.5.jar:6.1.5]
	at org.springframework.boot.web.servlet.context.ServletWebServerApplicationContext.refresh(ServletWebServerApplicationContext.java:146) ~[spring-boot-3.2.4-SNAPSHOT.jar:3.2.4-SNAPSHOT]
	at org.springframework.boot.SpringApplication.refresh(SpringApplication.java:754) ~[spring-boot-3.2.4-SNAPSHOT.jar:3.2.4-SNAPSHOT]
	at org.springframework.boot.SpringApplication.refreshContext(SpringApplication.java:456) ~[spring-boot-3.2.4-SNAPSHOT.jar:3.2.4-SNAPSHOT]
	at org.springframework.boot.SpringApplication.run(SpringApplication.java:334) ~[spring-boot-3.2.4-SNAPSHOT.jar:3.2.4-SNAPSHOT]
	at org.springframework.boot.SpringApplication.run(SpringApplication.java:1354) ~[spring-boot-3.2.4-SNAPSHOT.jar:3.2.4-SNAPSHOT]
	at org.springframework.boot.SpringApplication.run(SpringApplication.java:1343) ~[spring-boot-3.2.4-SNAPSHOT.jar:3.2.4-SNAPSHOT]
	at com.andreidodu.europealibrary.EuropeaLibraryApplication.main(EuropeaLibraryApplication.java:11) ~[main/:na]

2024-04-06T23:17:13.702+02:00  INFO 1076006 --- [main] com.zaxxer.hikari.HikariDataSource       : HikariPool-1 - Shutdown initiated...
2024-04-06T23:17:13.710+02:00  INFO 1076006 --- [main] com.zaxxer.hikari.HikariDataSource       : HikariPool-1 - Shutdown completed.
2024-04-06T23:17:13.711+02:00  INFO 1076006 --- [main] o.apache.catalina.core.StandardService   : Stopping service [Tomcat]
2024-04-06T23:17:13.727+02:00  INFO 1076006 --- [main] .s.b.a.l.ConditionEvaluationReportLogger : 

Error starting ApplicationContext. To display the condition evaluation report re-run your application with 'debug' enabled.
2024-04-06T23:17:13.744+02:00 ERROR 1076006 --- [main] o.s.boot.SpringApplication               : Application run failed

org.springframework.beans.factory.BeanCreationException: Error creating bean with name 'batchConfiguration': Invocation of init method failed
	at org.springframework.beans.factory.annotation.InitDestroyAnnotationBeanPostProcessor.postProcessBeforeInitialization(InitDestroyAnnotationBeanPostProcessor.java:222) ~[spring-beans-6.1.5.jar:6.1.5]
	at org.springframework.beans.factory.support.AbstractAutowireCapableBeanFactory.applyBeanPostProcessorsBeforeInitialization(AbstractAutowireCapableBeanFactory.java:422) ~[spring-beans-6.1.5.jar:6.1.5]
	at org.springframework.beans.factory.support.AbstractAutowireCapableBeanFactory.initializeBean(AbstractAutowireCapableBeanFactory.java:1778) ~[spring-beans-6.1.5.jar:6.1.5]
	at org.springframework.beans.factory.support.AbstractAutowireCapableBeanFactory.doCreateBean(AbstractAutowireCapableBeanFactory.java:600) ~[spring-beans-6.1.5.jar:6.1.5]
	at org.springframework.beans.factory.support.AbstractAutowireCapableBeanFactory.createBean(AbstractAutowireCapableBeanFactory.java:522) ~[spring-beans-6.1.5.jar:6.1.5]
	at org.springframework.beans.factory.support.AbstractBeanFactory.lambda$doGetBean$0(AbstractBeanFactory.java:326) ~[spring-beans-6.1.5.jar:6.1.5]
	at org.springframework.beans.factory.support.DefaultSingletonBeanRegistry.getSingleton(DefaultSingletonBeanRegistry.java:234) ~[spring-beans-6.1.5.jar:6.1.5]
	at org.springframework.beans.factory.support.AbstractBeanFactory.doGetBean(AbstractBeanFactory.java:324) ~[spring-beans-6.1.5.jar:6.1.5]
	at org.springframework.beans.factory.support.AbstractBeanFactory.getBean(AbstractBeanFactory.java:200) ~[spring-beans-6.1.5.jar:6.1.5]
	at org.springframework.beans.factory.support.DefaultListableBeanFactory.preInstantiateSingletons(DefaultListableBeanFactory.java:975) ~[spring-beans-6.1.5.jar:6.1.5]
	at org.springframework.context.support.AbstractApplicationContext.finishBeanFactoryInitialization(AbstractApplicationContext.java:962) ~[spring-context-6.1.5.jar:6.1.5]
	at org.springframework.context.support.AbstractApplicationContext.refresh(AbstractApplicationContext.java:624) ~[spring-context-6.1.5.jar:6.1.5]
	at org.springframework.boot.web.servlet.context.ServletWebServerApplicationContext.refresh(ServletWebServerApplicationContext.java:146) ~[spring-boot-3.2.4-SNAPSHOT.jar:3.2.4-SNAPSHOT]
	at org.springframework.boot.SpringApplication.refresh(SpringApplication.java:754) ~[spring-boot-3.2.4-SNAPSHOT.jar:3.2.4-SNAPSHOT]
	at org.springframework.boot.SpringApplication.refreshContext(SpringApplication.java:456) ~[spring-boot-3.2.4-SNAPSHOT.jar:3.2.4-SNAPSHOT]
	at org.springframework.boot.SpringApplication.run(SpringApplication.java:334) ~[spring-boot-3.2.4-SNAPSHOT.jar:3.2.4-SNAPSHOT]
	at org.springframework.boot.SpringApplication.run(SpringApplication.java:1354) ~[spring-boot-3.2.4-SNAPSHOT.jar:3.2.4-SNAPSHOT]
	at org.springframework.boot.SpringApplication.run(SpringApplication.java:1343) ~[spring-boot-3.2.4-SNAPSHOT.jar:3.2.4-SNAPSHOT]
	at com.andreidodu.europealibrary.EuropeaLibraryApplication.main(EuropeaLibraryApplication.java:11) ~[main/:na]
Caused by: org.springframework.jdbc.BadSqlGrammarException: StatementCallback; bad SQL grammar [UPDATE BATCH_JOB_EXECUTION SET STATUS = 'FAILED', END_TIME = NOW() WHERE END_TIME IS NULL]
	at org.springframework.jdbc.support.SQLStateSQLExceptionTranslator.doTranslate(SQLStateSQLExceptionTranslator.java:112) ~[spring-jdbc-6.1.5.jar:6.1.5]
	at org.springframework.jdbc.support.AbstractFallbackSQLExceptionTranslator.translate(AbstractFallbackSQLExceptionTranslator.java:107) ~[spring-jdbc-6.1.5.jar:6.1.5]
	at org.springframework.jdbc.support.AbstractFallbackSQLExceptionTranslator.translate(AbstractFallbackSQLExceptionTranslator.java:116) ~[spring-jdbc-6.1.5.jar:6.1.5]
	at org.springframework.jdbc.core.JdbcTemplate.translateException(JdbcTemplate.java:1548) ~[spring-jdbc-6.1.5.jar:6.1.5]
	at org.springframework.jdbc.core.JdbcTemplate.execute(JdbcTemplate.java:408) ~[spring-jdbc-6.1.5.jar:6.1.5]
	at org.springframework.jdbc.core.JdbcTemplate.execute(JdbcTemplate.java:444) ~[spring-jdbc-6.1.5.jar:6.1.5]
	at com.andreidodu.europealibrary.repository.impl.CustomJobRepository.resetJobs(CustomJobRepository.java:20) ~[main/:na]
	at java.base/jdk.internal.reflect.NativeMethodAccessorImpl.invoke0(Native Method) ~[na:na]
	at java.base/jdk.internal.reflect.NativeMethodAccessorImpl.invoke(NativeMethodAccessorImpl.java:77) ~[na:na]
	at java.base/jdk.internal.reflect.DelegatingMethodAccessorImpl.invoke(DelegatingMethodAccessorImpl.java:43) ~[na:na]
	at java.base/java.lang.reflect.Method.invoke(Method.java:568) ~[na:na]
	at org.springframework.aop.support.AopUtils.invokeJoinpointUsingReflection(AopUtils.java:351) ~[spring-aop-6.1.5.jar:6.1.5]
	at org.springframework.aop.framework.ReflectiveMethodInvocation.invokeJoinpoint(ReflectiveMethodInvocation.java:196) ~[spring-aop-6.1.5.jar:6.1.5]
	at org.springframework.aop.framework.ReflectiveMethodInvocation.proceed(ReflectiveMethodInvocation.java:163) ~[spring-aop-6.1.5.jar:6.1.5]
	at org.springframework.aop.framework.CglibAopProxy$CglibMethodInvocation.proceed(CglibAopProxy.java:765) ~[spring-aop-6.1.5.jar:6.1.5]
	at org.springframework.dao.support.PersistenceExceptionTranslationInterceptor.invoke(PersistenceExceptionTranslationInterceptor.java:137) ~[spring-tx-6.1.5.jar:6.1.5]
	at org.springframework.aop.framework.ReflectiveMethodInvocation.proceed(ReflectiveMethodInvocation.java:184) ~[spring-aop-6.1.5.jar:6.1.5]
	at org.springframework.aop.framework.CglibAopProxy$CglibMethodInvocation.proceed(CglibAopProxy.java:765) ~[spring-aop-6.1.5.jar:6.1.5]
	at org.springframework.aop.framework.CglibAopProxy$DynamicAdvisedInterceptor.intercept(CglibAopProxy.java:717) ~[spring-aop-6.1.5.jar:6.1.5]
	at com.andreidodu.europealibrary.repository.impl.CustomJobRepository$$SpringCGLIB$$0.resetJobs(<generated>) ~[main/:na]
	at com.andreidodu.europealibrary.config.BatchConfiguration.resetJobStatus(BatchConfiguration.java:20) ~[main/:na]
	at java.base/jdk.internal.reflect.NativeMethodAccessorImpl.invoke0(Native Method) ~[na:na]
	at java.base/jdk.internal.reflect.NativeMethodAccessorImpl.invoke(NativeMethodAccessorImpl.java:77) ~[na:na]
	at java.base/jdk.internal.reflect.DelegatingMethodAccessorImpl.invoke(DelegatingMethodAccessorImpl.java:43) ~[na:na]
	at java.base/java.lang.reflect.Method.invoke(Method.java:568) ~[na:na]
	at org.springframework.beans.factory.annotation.InitDestroyAnnotationBeanPostProcessor$LifecycleMethod.invoke(InitDestroyAnnotationBeanPostProcessor.java:457) ~[spring-beans-6.1.5.jar:6.1.5]
	at org.springframework.beans.factory.annotation.InitDestroyAnnotationBeanPostProcessor$LifecycleMetadata.invokeInitMethods(InitDestroyAnnotationBeanPostProcessor.java:401) ~[spring-beans-6.1.5.jar:6.1.5]
	at org.springframework.beans.factory.annotation.InitDestroyAnnotationBeanPostProcessor.postProcessBeforeInitialization(InitDestroyAnnotationBeanPostProcessor.java:219) ~[spring-beans-6.1.5.jar:6.1.5]
	... 18 common frames omitted
Caused by: org.postgresql.util.PSQLException: ERROR: relation "batch_job_execution" does not exist
  Position: 8
	at org.postgresql.core.v3.QueryExecutorImpl.receiveErrorResponse(QueryExecutorImpl.java:2713) ~[postgresql-42.6.2.jar:42.6.2]
	at org.postgresql.core.v3.QueryExecutorImpl.processResults(QueryExecutorImpl.java:2401) ~[postgresql-42.6.2.jar:42.6.2]
	at org.postgresql.core.v3.QueryExecutorImpl.execute(QueryExecutorImpl.java:368) ~[postgresql-42.6.2.jar:42.6.2]
	at org.postgresql.jdbc.PgStatement.executeInternal(PgStatement.java:498) ~[postgresql-42.6.2.jar:42.6.2]
	at org.postgresql.jdbc.PgStatement.execute(PgStatement.java:415) ~[postgresql-42.6.2.jar:42.6.2]
	at org.postgresql.jdbc.PgStatement.executeWithFlags(PgStatement.java:335) ~[postgresql-42.6.2.jar:42.6.2]
	at org.postgresql.jdbc.PgStatement.executeCachedSql(PgStatement.java:321) ~[postgresql-42.6.2.jar:42.6.2]
	at org.postgresql.jdbc.PgStatement.executeWithFlags(PgStatement.java:297) ~[postgresql-42.6.2.jar:42.6.2]
	at org.postgresql.jdbc.PgStatement.execute(PgStatement.java:292) ~[postgresql-42.6.2.jar:42.6.2]
	at com.zaxxer.hikari.pool.ProxyStatement.execute(ProxyStatement.java:94) ~[HikariCP-5.0.1.jar:na]
	at com.zaxxer.hikari.pool.HikariProxyStatement.execute(HikariProxyStatement.java) ~[HikariCP-5.0.1.jar:na]
	at org.springframework.jdbc.core.JdbcTemplate$1ExecuteStatementCallback.doInStatement(JdbcTemplate.java:435) ~[spring-jdbc-6.1.5.jar:6.1.5]
	at org.springframework.jdbc.core.JdbcTemplate.execute(JdbcTemplate.java:393) ~[spring-jdbc-6.1.5.jar:6.1.5]
	... 41 common frames omitted

2024-04-06T23:17:35.311+02:00  INFO 1076225 --- [main] .s.d.r.c.RepositoryConfigurationDelegate : Bootstrapping Spring Data JPA repositories in DEFAULT mode.
2024-04-06T23:17:35.380+02:00  INFO 1076225 --- [main] .s.d.r.c.RepositoryConfigurationDelegate : Finished Spring Data repository scanning in 61 ms. Found 5 JPA repository interfaces.
2024-04-06T23:17:35.929+02:00  INFO 1076225 --- [main] o.s.cloud.context.scope.GenericScope     : BeanFactory id=04413c0b-285b-3639-9692-e18ef8ea191b
2024-04-06T23:17:36.080+02:00  WARN 1076225 --- [main] trationDelegate$BeanPostProcessorChecker : Bean 'org.springframework.cloud.commons.config.CommonsConfigAutoConfiguration' of type [org.springframework.cloud.commons.config.CommonsConfigAutoConfiguration] is not eligible for getting processed by all BeanPostProcessors (for example: not eligible for auto-proxying). Is this bean getting eagerly injected into a currently created BeanPostProcessor [jobRegistryBeanPostProcessor]? Check the corresponding BeanPostProcessor declaration and its dependencies.
2024-04-06T23:17:36.083+02:00  WARN 1076225 --- [main] trationDelegate$BeanPostProcessorChecker : Bean 'org.springframework.cloud.client.loadbalancer.LoadBalancerDefaultMappingsProviderAutoConfiguration' of type [org.springframework.cloud.client.loadbalancer.LoadBalancerDefaultMappingsProviderAutoConfiguration] is not eligible for getting processed by all BeanPostProcessors (for example: not eligible for auto-proxying). Is this bean getting eagerly injected into a currently created BeanPostProcessor [jobRegistryBeanPostProcessor]? Check the corresponding BeanPostProcessor declaration and its dependencies.
2024-04-06T23:17:36.084+02:00  WARN 1076225 --- [main] trationDelegate$BeanPostProcessorChecker : Bean 'loadBalancerClientsDefaultsMappingsProvider' of type [org.springframework.cloud.client.loadbalancer.LoadBalancerDefaultMappingsProviderAutoConfiguration$$Lambda$594/0x000072d7043af568] is not eligible for getting processed by all BeanPostProcessors (for example: not eligible for auto-proxying). Is this bean getting eagerly injected into a currently created BeanPostProcessor [jobRegistryBeanPostProcessor]? Check the corresponding BeanPostProcessor declaration and its dependencies.
2024-04-06T23:17:36.086+02:00  WARN 1076225 --- [main] trationDelegate$BeanPostProcessorChecker : Bean 'defaultsBindHandlerAdvisor' of type [org.springframework.cloud.commons.config.DefaultsBindHandlerAdvisor] is not eligible for getting processed by all BeanPostProcessors (for example: not eligible for auto-proxying). Is this bean getting eagerly injected into a currently created BeanPostProcessor [jobRegistryBeanPostProcessor]? Check the corresponding BeanPostProcessor declaration and its dependencies.
2024-04-06T23:17:36.096+02:00  WARN 1076225 --- [main] trationDelegate$BeanPostProcessorChecker : Bean 'batchDbConfig' of type [com.andreidodu.europealibrary.config.BatchDbConfig] is not eligible for getting processed by all BeanPostProcessors (for example: not eligible for auto-proxying). Is this bean getting eagerly injected into a currently created BeanPostProcessor [jobRegistryBeanPostProcessor]? Check the corresponding BeanPostProcessor declaration and its dependencies.
2024-04-06T23:17:36.098+02:00  WARN 1076225 --- [main] trationDelegate$BeanPostProcessorChecker : Bean 'persistenceConfiguration' of type [com.andreidodu.europealibrary.config.PersistenceConfiguration$$SpringCGLIB$$0] is not eligible for getting processed by all BeanPostProcessors (for example: not eligible for auto-proxying). Is this bean getting eagerly injected into a currently created BeanPostProcessor [jobRegistryBeanPostProcessor]? Check the corresponding BeanPostProcessor declaration and its dependencies.
2024-04-06T23:17:36.111+02:00  WARN 1076225 --- [main] trationDelegate$BeanPostProcessorChecker : Bean 'dataSource' of type [com.zaxxer.hikari.HikariDataSource] is not eligible for getting processed by all BeanPostProcessors (for example: not eligible for auto-proxying). Is this bean getting eagerly injected into a currently created BeanPostProcessor [jobRegistryBeanPostProcessor]? Check the corresponding BeanPostProcessor declaration and its dependencies.
2024-04-06T23:17:36.125+02:00  WARN 1076225 --- [main] trationDelegate$BeanPostProcessorChecker : Bean 'org.springframework.boot.autoconfigure.liquibase.LiquibaseAutoConfiguration$LiquibaseConfiguration' of type [org.springframework.boot.autoconfigure.liquibase.LiquibaseAutoConfiguration$LiquibaseConfiguration] is not eligible for getting processed by all BeanPostProcessors (for example: not eligible for auto-proxying). Is this bean getting eagerly injected into a currently created BeanPostProcessor [jobRegistryBeanPostProcessor]? Check the corresponding BeanPostProcessor declaration and its dependencies.
2024-04-06T23:17:36.137+02:00  WARN 1076225 --- [main] trationDelegate$BeanPostProcessorChecker : Bean 'spring.liquibase-org.springframework.boot.autoconfigure.liquibase.LiquibaseProperties' of type [org.springframework.boot.autoconfigure.liquibase.LiquibaseProperties] is not eligible for getting processed by all BeanPostProcessors (for example: not eligible for auto-proxying). Is this bean getting eagerly injected into a currently created BeanPostProcessor [jobRegistryBeanPostProcessor]? Check the corresponding BeanPostProcessor declaration and its dependencies.
2024-04-06T23:17:36.139+02:00  WARN 1076225 --- [main] trationDelegate$BeanPostProcessorChecker : Bean 'liquibaseConnectionDetails' of type [org.springframework.boot.autoconfigure.liquibase.LiquibaseAutoConfiguration$PropertiesLiquibaseConnectionDetails] is not eligible for getting processed by all BeanPostProcessors (for example: not eligible for auto-proxying). Is this bean getting eagerly injected into a currently created BeanPostProcessor [jobRegistryBeanPostProcessor]? Check the corresponding BeanPostProcessor declaration and its dependencies.
2024-04-06T23:17:36.176+02:00  INFO 1076225 --- [main] com.zaxxer.hikari.HikariDataSource       : HikariPool-1 - Starting...
2024-04-06T23:17:36.364+02:00  INFO 1076225 --- [main] com.zaxxer.hikari.pool.HikariPool        : HikariPool-1 - Added connection org.postgresql.jdbc.PgConnection@52d3fafd
2024-04-06T23:17:36.366+02:00  INFO 1076225 --- [main] com.zaxxer.hikari.HikariDataSource       : HikariPool-1 - Start completed.
2024-04-06T23:17:36.617+02:00  INFO 1076225 --- [main] liquibase.database                       : Set default schema name to public
2024-04-06T23:17:36.840+02:00  INFO 1076225 --- [main] liquibase.lockservice                    : Successfully acquired change log lock
2024-04-06T23:17:37.272+02:00  INFO 1076225 --- [main] liquibase.changelog                      : Creating database history table with name: public.databasechangelog
2024-04-06T23:17:37.283+02:00  INFO 1076225 --- [main] liquibase.changelog                      : Reading from public.databasechangelog
2024-04-06T23:17:37.416+02:00  INFO 1076225 --- [main] liquibase.command                        : Using deploymentId: 2438257289
2024-04-06T23:17:37.428+02:00  INFO 1076225 --- [main] liquibase.changelog                      : Reading from public.databasechangelog
2024-04-06T23:17:37.473+02:00  INFO 1076225 --- [main] liquibase.changelog                      : Sequence EL_FILE_META_INFO_ID created
2024-04-06T23:17:37.474+02:00  INFO 1076225 --- [main] liquibase.changelog                      : ChangeSet database/db.changelog.1.base-load.xml::2024-03-31-001::Andrei Dodu ran successfully in 5ms
2024-04-06T23:17:37.494+02:00  INFO 1076225 --- [main] liquibase.changelog                      : Table el_file_meta_info created
2024-04-06T23:17:37.511+02:00  INFO 1076225 --- [main] liquibase.changelog                      : Table el_file_system_item created
2024-04-06T23:17:37.518+02:00  INFO 1076225 --- [main] liquibase.changelog                      : Unique constraint added to el_file_system_item(base_path, name, job_step)
2024-04-06T23:17:37.538+02:00  INFO 1076225 --- [main] liquibase.changelog                      : Table el_book_info created
2024-04-06T23:17:37.543+02:00  INFO 1076225 --- [main] liquibase.changelog                      : Unique constraint added to el_book_info(file_meta_info_id, authors, publisher)
2024-04-06T23:17:37.555+02:00  INFO 1076225 --- [main] liquibase.changelog                      : Table el_tag created
2024-04-06T23:17:37.566+02:00  INFO 1076225 --- [main] liquibase.changelog                      : Table el_file_meta_info_tag created
2024-04-06T23:17:37.570+02:00  INFO 1076225 --- [main] liquibase.changelog                      : Unique constraint added to el_file_meta_info_tag(file_meta_info_id, tag_id)
2024-04-06T23:17:37.573+02:00  INFO 1076225 --- [main] liquibase.changelog                      : ChangeSet database/db.changelog.1.base-load.xml::2024-03-13-001::Andrei Dodu ran successfully in 93ms
2024-04-06T23:17:37.586+02:00  INFO 1076225 --- [main] liquibase.changelog                      : Table el_category created
2024-04-06T23:17:37.595+02:00  INFO 1076225 --- [main] liquibase.changelog                      : Table el_book_info_category created
2024-04-06T23:17:37.599+02:00  INFO 1076225 --- [main] liquibase.changelog                      : Unique constraint added to el_book_info_category(book_info_id, category_id)
2024-04-06T23:17:37.600+02:00  INFO 1076225 --- [main] liquibase.changelog                      : ChangeSet database/db.changelog.1.base-load.xml::2024-03-22-001::Andrei Dodu ran successfully in 24ms
2024-04-06T23:17:37.606+02:00  INFO 1076225 --- [main] liquibase.util                           : UPDATE SUMMARY
2024-04-06T23:17:37.606+02:00  INFO 1076225 --- [main] liquibase.util                           : Run:                          3
2024-04-06T23:17:37.606+02:00  INFO 1076225 --- [main] liquibase.util                           : Previously run:               0
2024-04-06T23:17:37.607+02:00  INFO 1076225 --- [main] liquibase.util                           : Filtered out:                 0
2024-04-06T23:17:37.607+02:00  INFO 1076225 --- [main] liquibase.util                           : -------------------------------
2024-04-06T23:17:37.607+02:00  INFO 1076225 --- [main] liquibase.util                           : Total change sets:            3

2024-04-06T23:17:37.609+02:00  INFO 1076225 --- [main] liquibase.util                           : Update summary generated
2024-04-06T23:17:37.610+02:00  INFO 1076225 --- [main] liquibase.command                        : Update command completed successfully.
2024-04-06T23:17:37.614+02:00  INFO 1076225 --- [main] liquibase.lockservice                    : Successfully released change log lock
2024-04-06T23:17:37.620+02:00  INFO 1076225 --- [main] liquibase.lockservice                    : Successfully released change log lock
2024-04-06T23:17:37.622+02:00  INFO 1076225 --- [main] liquibase.command                        : Command execution complete
2024-04-06T23:17:37.624+02:00  WARN 1076225 --- [main] trationDelegate$BeanPostProcessorChecker : Bean 'liquibase' of type [liquibase.integration.spring.SpringLiquibase] is not eligible for getting processed by all BeanPostProcessors (for example: not eligible for auto-proxying). Is this bean getting eagerly injected into a currently created BeanPostProcessor [jobRegistryBeanPostProcessor]? Check the corresponding BeanPostProcessor declaration and its dependencies.
2024-04-06T23:17:37.628+02:00  WARN 1076225 --- [main] trationDelegate$BeanPostProcessorChecker : Bean 'org.springframework.boot.autoconfigure.sql.init.DataSourceInitializationConfiguration' of type [org.springframework.boot.autoconfigure.sql.init.DataSourceInitializationConfiguration] is not eligible for getting processed by all BeanPostProcessors (for example: not eligible for auto-proxying). Is this bean getting eagerly injected into a currently created BeanPostProcessor [jobRegistryBeanPostProcessor]? Check the corresponding BeanPostProcessor declaration and its dependencies.
2024-04-06T23:17:37.633+02:00  WARN 1076225 --- [main] trationDelegate$BeanPostProcessorChecker : Bean 'spring.sql.init-org.springframework.boot.autoconfigure.sql.init.SqlInitializationProperties' of type [org.springframework.boot.autoconfigure.sql.init.SqlInitializationProperties] is not eligible for getting processed by all BeanPostProcessors (for example: not eligible for auto-proxying). Is this bean getting eagerly injected into a currently created BeanPostProcessor [jobRegistryBeanPostProcessor]? Check the corresponding BeanPostProcessor declaration and its dependencies.
2024-04-06T23:17:37.639+02:00  WARN 1076225 --- [main] trationDelegate$BeanPostProcessorChecker : Bean 'dataSourceScriptDatabaseInitializer' of type [org.springframework.boot.autoconfigure.sql.init.SqlDataSourceScriptDatabaseInitializer] is not eligible for getting processed by all BeanPostProcessors (for example: not eligible for auto-proxying). Is this bean getting eagerly injected into a currently created BeanPostProcessor [jobRegistryBeanPostProcessor]? Check the corresponding BeanPostProcessor declaration and its dependencies.
2024-04-06T23:17:37.642+02:00  WARN 1076225 --- [main] trationDelegate$BeanPostProcessorChecker : Bean 'org.springframework.boot.autoconfigure.batch.BatchAutoConfiguration$DataSourceInitializerConfiguration' of type [org.springframework.boot.autoconfigure.batch.BatchAutoConfiguration$DataSourceInitializerConfiguration] is not eligible for getting processed by all BeanPostProcessors (for example: not eligible for auto-proxying). Is this bean getting eagerly injected into a currently created BeanPostProcessor [jobRegistryBeanPostProcessor]? Check the corresponding BeanPostProcessor declaration and its dependencies.
2024-04-06T23:17:37.647+02:00  WARN 1076225 --- [main] trationDelegate$BeanPostProcessorChecker : Bean 'spring.batch-org.springframework.boot.autoconfigure.batch.BatchProperties' of type [org.springframework.boot.autoconfigure.batch.BatchProperties] is not eligible for getting processed by all BeanPostProcessors (for example: not eligible for auto-proxying). Is this bean getting eagerly injected into a currently created BeanPostProcessor [jobRegistryBeanPostProcessor]? Check the corresponding BeanPostProcessor declaration and its dependencies.
2024-04-06T23:17:37.710+02:00  WARN 1076225 --- [main] trationDelegate$BeanPostProcessorChecker : Bean 'batchDataSourceInitializer' of type [org.springframework.boot.autoconfigure.batch.BatchDataSourceScriptDatabaseInitializer] is not eligible for getting processed by all BeanPostProcessors (for example: not eligible for auto-proxying). Is this bean getting eagerly injected into a currently created BeanPostProcessor [jobRegistryBeanPostProcessor]? Check the corresponding BeanPostProcessor declaration and its dependencies.
2024-04-06T23:17:37.790+02:00  INFO 1076225 --- [main] org.hibernate.Version                    : HHH000412: Hibernate ORM core version 6.4.4.Final
2024-04-06T23:17:37.842+02:00  INFO 1076225 --- [main] o.h.c.internal.RegionFactoryInitiator    : HHH000026: Second-level cache disabled
2024-04-06T23:17:38.411+02:00  WARN 1076225 --- [main] trationDelegate$BeanPostProcessorChecker : Bean '(inner bean)#3ffa0f38' of type [org.springframework.beans.factory.config.ObjectFactoryCreatingFactoryBean] is not eligible for getting processed by all BeanPostProcessors (for example: not eligible for auto-proxying). Is this bean getting eagerly injected into a currently created BeanPostProcessor [jobRegistryBeanPostProcessor]? Check the corresponding BeanPostProcessor declaration and its dependencies.
2024-04-06T23:17:38.412+02:00  WARN 1076225 --- [main] trationDelegate$BeanPostProcessorChecker : Bean '(inner bean)#3ffa0f38' of type [org.springframework.beans.factory.config.ObjectFactoryCreatingFactoryBean$TargetBeanObjectFactory] is not eligible for getting processed by all BeanPostProcessors (for example: not eligible for auto-proxying). Is this bean getting eagerly injected into a currently created BeanPostProcessor [jobRegistryBeanPostProcessor]? Check the corresponding BeanPostProcessor declaration and its dependencies.
2024-04-06T23:17:39.221+02:00  INFO 1076225 --- [main] o.h.e.t.j.p.i.JtaPlatformInitiator       : HHH000489: No JTA platform available (set 'hibernate.transaction.jta.platform' to enable JTA platform integration)
2024-04-06T23:17:39.224+02:00  WARN 1076225 --- [main] trationDelegate$BeanPostProcessorChecker : Bean 'entityManagerFactory' of type [org.springframework.orm.hibernate5.LocalSessionFactoryBean] is not eligible for getting processed by all BeanPostProcessors (for example: not eligible for auto-proxying). Is this bean getting eagerly injected into a currently created BeanPostProcessor [jobRegistryBeanPostProcessor]? Check the corresponding BeanPostProcessor declaration and its dependencies.
2024-04-06T23:17:39.234+02:00  WARN 1076225 --- [main] trationDelegate$BeanPostProcessorChecker : Bean 'entityManagerFactory' of type [org.hibernate.internal.SessionFactoryImpl] is not eligible for getting processed by all BeanPostProcessors (for example: not eligible for auto-proxying). Is this bean getting eagerly injected into a currently created BeanPostProcessor [jobRegistryBeanPostProcessor]? Check the corresponding BeanPostProcessor declaration and its dependencies.
2024-04-06T23:17:39.270+02:00  WARN 1076225 --- [main] trationDelegate$BeanPostProcessorChecker : Bean 'transactionManager' of type [org.springframework.orm.hibernate5.HibernateTransactionManager] is not eligible for getting processed by all BeanPostProcessors (for example: not eligible for auto-proxying). Is this bean getting eagerly injected into a currently created BeanPostProcessor [jobRegistryBeanPostProcessor]? Check the corresponding BeanPostProcessor declaration and its dependencies.
2024-04-06T23:17:39.276+02:00  WARN 1076225 --- [main] trationDelegate$BeanPostProcessorChecker : Bean 'org.springframework.boot.autoconfigure.batch.BatchAutoConfiguration$SpringBootBatchConfiguration' of type [org.springframework.boot.autoconfigure.batch.BatchAutoConfiguration$SpringBootBatchConfiguration] is not eligible for getting processed by all BeanPostProcessors (for example: not eligible for auto-proxying). The currently created BeanPostProcessor [jobRegistryBeanPostProcessor] is declared through a non-static factory method on that class; consider declaring it as static instead.
2024-04-06T23:17:39.520+02:00  INFO 1076225 --- [main] o.s.b.w.embedded.tomcat.TomcatWebServer  : Tomcat initialized with port 8081 (http)
2024-04-06T23:17:39.534+02:00  INFO 1076225 --- [main] o.apache.catalina.core.StandardService   : Starting service [Tomcat]
2024-04-06T23:17:39.535+02:00  INFO 1076225 --- [main] o.apache.catalina.core.StandardEngine    : Starting Servlet engine: [Apache Tomcat/10.1.19]
2024-04-06T23:17:39.598+02:00  INFO 1076225 --- [main] o.a.c.c.C.[Tomcat].[localhost].[/]       : Initializing Spring embedded WebApplicationContext
2024-04-06T23:17:39.599+02:00  INFO 1076225 --- [main] w.s.c.ServletWebServerApplicationContext : Root WebApplicationContext: initialization completed in 5047 ms
2024-04-06T23:17:40.525+02:00  INFO 1076225 --- [main] o.s.d.j.r.query.QueryEnhancerFactory     : Hibernate is in classpath; If applicable, HQL parser will be used.
2024-04-06T23:17:41.865+02:00  WARN 1076225 --- [main] .s.s.UserDetailsServiceAutoConfiguration : 

Using generated security password: 441bc9e8-3bee-4a6f-b39e-4062067b4337

This generated password is for development use only. Your security configuration must be updated before running your application in production.

2024-04-06T23:17:41.968+02:00  INFO 1076225 --- [main] o.s.s.web.DefaultSecurityFilterChain     : Will secure any request with [org.springframework.security.web.session.DisableEncodeUrlFilter@1dbf21c5, org.springframework.security.web.context.request.async.WebAsyncManagerIntegrationFilter@56f2cdb5, org.springframework.security.web.context.SecurityContextHolderFilter@27bbd688, org.springframework.security.web.header.HeaderWriterFilter@149a793a, org.springframework.web.filter.CorsFilter@46c22d8e, org.springframework.security.web.authentication.logout.LogoutFilter@66d1cdea, org.springframework.security.web.savedrequest.RequestCacheAwareFilter@5f84a1a6, org.springframework.security.web.servletapi.SecurityContextHolderAwareRequestFilter@7e30050, org.springframework.security.web.authentication.AnonymousAuthenticationFilter@56e46791, org.springframework.security.web.access.ExceptionTranslationFilter@3243d4ca, org.springframework.security.web.access.intercept.AuthorizationFilter@134b19ae]
2024-04-06T23:17:42.371+02:00  INFO 1076225 --- [main] o.s.b.w.embedded.tomcat.TomcatWebServer  : Tomcat started on port 8081 (http) with context path ''
2024-04-06T23:17:56.293+02:00  INFO 1076225 --- [SpringApplicationShutdownHook] com.zaxxer.hikari.HikariDataSource       : HikariPool-1 - Shutdown initiated...
2024-04-06T23:17:56.299+02:00  INFO 1076225 --- [SpringApplicationShutdownHook] com.zaxxer.hikari.HikariDataSource       : HikariPool-1 - Shutdown completed.
